{"C:\\Users\\willq\\OneDrive\\Desktop\\CS 411\\CS411-Walkmore\\server\\db.js": {"path":"C:\\Users\\willq\\OneDrive\\Desktop\\CS 411\\CS411-Walkmore\\server\\db.js","statementMap":{"0":{"start":{"line":3,"column":15},"end":{"line":3,"column":53}},"1":{"start":{"line":7,"column":2},"end":{"line":10,"column":3}},"2":{"start":{"line":8,"column":4},"end":{"line":8,"column":27}},"3":{"start":{"line":9,"column":4},"end":{"line":9,"column":31}},"4":{"start":{"line":11,"column":2},"end":{"line":11,"column":12}}},"fnMap":{"0":{"name":"getDb","decl":{"start":{"line":6,"column":22},"end":{"line":6,"column":27}},"loc":{"start":{"line":6,"column":30},"end":{"line":12,"column":1}},"line":6}},"branchMap":{"0":{"loc":{"start":{"line":7,"column":2},"end":{"line":10,"column":3}},"type":"if","locations":[{"start":{"line":7,"column":2},"end":{"line":10,"column":3}},{"start":{},"end":{}}],"line":7}},"s":{"0":1,"1":0,"2":0,"3":0,"4":0},"f":{"0":0},"b":{"0":[0,0]},"_coverageSchema":"1a1c01bbd47fc00a2c39e90264f33305004495a9","hash":"93dbd07e53e5dd5ae1eab8c1eb2258c954a9fd4e"}
,"C:\\Users\\willq\\OneDrive\\Desktop\\CS 411\\CS411-Walkmore\\server\\mockRoute.js": {"path":"C:\\Users\\willq\\OneDrive\\Desktop\\CS 411\\CS411-Walkmore\\server\\mockRoute.js","statementMap":{"0":{"start":{"line":1,"column":26},"end":{"line":17,"column":1}},"1":{"start":{"line":19,"column":27},"end":{"line":19,"column":817}}},"fnMap":{},"branchMap":{},"s":{"0":1,"1":1},"f":{},"b":{},"_coverageSchema":"1a1c01bbd47fc00a2c39e90264f33305004495a9","hash":"ebc2a3d77e4d405fc537e1212ad91cd15cf31b34"}
,"C:\\Users\\willq\\OneDrive\\Desktop\\CS 411\\CS411-Walkmore\\server\\server.js": {"path":"C:\\Users\\willq\\OneDrive\\Desktop\\CS 411\\CS411-Walkmore\\server\\server.js","statementMap":{"0":{"start":{"line":15,"column":21},"end":{"line":15,"column":67}},"1":{"start":{"line":17,"column":12},"end":{"line":17,"column":21}},"2":{"start":{"line":18,"column":0},"end":{"line":18,"column":16}},"3":{"start":{"line":19,"column":0},"end":{"line":19,"column":24}},"4":{"start":{"line":25,"column":17},"end":{"line":25,"column":43}},"5":{"start":{"line":26,"column":14},"end":{"line":26,"column":118}},"6":{"start":{"line":28,"column":19},"end":{"line":28,"column":35}},"7":{"start":{"line":29,"column":15},"end":{"line":29,"column":36}},"8":{"start":{"line":31,"column":2},"end":{"line":33,"column":3}},"9":{"start":{"line":32,"column":4},"end":{"line":32,"column":16}},"10":{"start":{"line":35,"column":23},"end":{"line":35,"column":56}},"11":{"start":{"line":36,"column":2},"end":{"line":36,"column":27}},"12":{"start":{"line":39,"column":0},"end":{"line":41,"column":3}},"13":{"start":{"line":40,"column":2},"end":{"line":40,"column":56}},"14":{"start":{"line":43,"column":0},"end":{"line":55,"column":3}},"15":{"start":{"line":44,"column":2},"end":{"line":54,"column":3}},"16":{"start":{"line":45,"column":20},"end":{"line":45,"column":28}},"17":{"start":{"line":46,"column":17},"end":{"line":46,"column":46}},"18":{"start":{"line":47,"column":2},"end":{"line":49,"column":3}},"19":{"start":{"line":48,"column":4},"end":{"line":48,"column":70}},"20":{"start":{"line":50,"column":2},"end":{"line":50,"column":19}},"21":{"start":{"line":52,"column":4},"end":{"line":52,"column":53}},"22":{"start":{"line":53,"column":4},"end":{"line":53,"column":89}},"23":{"start":{"line":57,"column":0},"end":{"line":101,"column":3}},"24":{"start":{"line":58,"column":82},"end":{"line":58,"column":90}},"25":{"start":{"line":60,"column":2},"end":{"line":62,"column":3}},"26":{"start":{"line":61,"column":4},"end":{"line":61,"column":71}},"27":{"start":{"line":64,"column":2},"end":{"line":67,"column":3}},"28":{"start":{"line":65,"column":21},"end":{"line":65,"column":125}},"29":{"start":{"line":66,"column":4},"end":{"line":66,"column":78}},"30":{"start":{"line":69,"column":17},"end":{"line":69,"column":54}},"31":{"start":{"line":70,"column":2},"end":{"line":72,"column":3}},"32":{"start":{"line":71,"column":4},"end":{"line":71,"column":106}},"33":{"start":{"line":73,"column":2},"end":{"line":100,"column":3}},"34":{"start":{"line":74,"column":19},"end":{"line":81,"column":5}},"35":{"start":{"line":83,"column":4},"end":{"line":85,"column":5}},"36":{"start":{"line":84,"column":6},"end":{"line":84,"column":86}},"37":{"start":{"line":88,"column":21},"end":{"line":92,"column":5}},"38":{"start":{"line":94,"column":26},"end":{"line":94,"column":48}},"39":{"start":{"line":95,"column":4},"end":{"line":95,"column":58}},"40":{"start":{"line":98,"column":4},"end":{"line":98,"column":51}},"41":{"start":{"line":99,"column":4},"end":{"line":99,"column":87}},"42":{"start":{"line":103,"column":0},"end":{"line":138,"column":3}},"43":{"start":{"line":104,"column":2},"end":{"line":104,"column":45}},"44":{"start":{"line":105,"column":16},"end":{"line":105,"column":25}},"45":{"start":{"line":106,"column":2},"end":{"line":106,"column":63}},"46":{"start":{"line":106,"column":26},"end":{"line":106,"column":63}},"47":{"start":{"line":108,"column":17},"end":{"line":108,"column":43}},"48":{"start":{"line":109,"column":14},"end":{"line":109,"column":68}},"49":{"start":{"line":111,"column":2},"end":{"line":137,"column":3}},"50":{"start":{"line":112,"column":21},"end":{"line":127,"column":6}},"51":{"start":{"line":129,"column":17},"end":{"line":129,"column":38}},"52":{"start":{"line":130,"column":24},"end":{"line":132,"column":22}},"53":{"start":{"line":131,"column":16},"end":{"line":131,"column":45}},"54":{"start":{"line":133,"column":4},"end":{"line":133,"column":30}},"55":{"start":{"line":135,"column":4},"end":{"line":135,"column":46}},"56":{"start":{"line":136,"column":4},"end":{"line":136,"column":46}},"57":{"start":{"line":140,"column":0},"end":{"line":157,"column":3}},"58":{"start":{"line":141,"column":2},"end":{"line":156,"column":3}},"59":{"start":{"line":142,"column":20},"end":{"line":142,"column":28}},"60":{"start":{"line":143,"column":4},"end":{"line":145,"column":5}},"61":{"start":{"line":144,"column":6},"end":{"line":144,"column":96}},"62":{"start":{"line":146,"column":4},"end":{"line":148,"column":5}},"63":{"start":{"line":147,"column":6},"end":{"line":147,"column":35}},"64":{"start":{"line":149,"column":19},"end":{"line":149,"column":40}},"65":{"start":{"line":150,"column":4},"end":{"line":152,"column":5}},"66":{"start":{"line":151,"column":6},"end":{"line":151,"column":83}},"67":{"start":{"line":153,"column":4},"end":{"line":153,"column":21}},"68":{"start":{"line":155,"column":4},"end":{"line":155,"column":61}},"69":{"start":{"line":160,"column":16},"end":{"line":160,"column":56}},"70":{"start":{"line":161,"column":2},"end":{"line":161,"column":69}},"71":{"start":{"line":161,"column":14},"end":{"line":161,"column":69}},"72":{"start":{"line":162,"column":2},"end":{"line":167,"column":3}},"73":{"start":{"line":163,"column":4},"end":{"line":163,"column":57}},"74":{"start":{"line":164,"column":4},"end":{"line":164,"column":11}},"75":{"start":{"line":166,"column":4},"end":{"line":166,"column":53}},"76":{"start":{"line":173,"column":0},"end":{"line":220,"column":3}},"77":{"start":{"line":174,"column":26},"end":{"line":174,"column":34}},"78":{"start":{"line":175,"column":2},"end":{"line":175,"column":87}},"79":{"start":{"line":175,"column":23},"end":{"line":175,"column":87}},"80":{"start":{"line":177,"column":2},"end":{"line":219,"column":3}},"81":{"start":{"line":179,"column":22},"end":{"line":181,"column":6}},"82":{"start":{"line":183,"column":4},"end":{"line":185,"column":5}},"83":{"start":{"line":184,"column":6},"end":{"line":184,"column":69}},"84":{"start":{"line":187,"column":53},"end":{"line":187,"column":75}},"85":{"start":{"line":189,"column":15},"end":{"line":189,"column":28}},"86":{"start":{"line":190,"column":18},"end":{"line":190,"column":40}},"87":{"start":{"line":191,"column":25},"end":{"line":191,"column":59}},"88":{"start":{"line":193,"column":4},"end":{"line":202,"column":5}},"89":{"start":{"line":194,"column":6},"end":{"line":196,"column":7}},"90":{"start":{"line":195,"column":8},"end":{"line":195,"column":100}},"91":{"start":{"line":197,"column":6},"end":{"line":199,"column":7}},"92":{"start":{"line":198,"column":8},"end":{"line":198,"column":108}},"93":{"start":{"line":200,"column":23},"end":{"line":200,"column":98}},"94":{"start":{"line":201,"column":6},"end":{"line":201,"column":63}},"95":{"start":{"line":204,"column":4},"end":{"line":214,"column":5}},"96":{"start":{"line":205,"column":6},"end":{"line":207,"column":7}},"97":{"start":{"line":206,"column":8},"end":{"line":206,"column":98}},"98":{"start":{"line":209,"column":6},"end":{"line":211,"column":7}},"99":{"start":{"line":210,"column":8},"end":{"line":210,"column":79}},"100":{"start":{"line":212,"column":23},"end":{"line":212,"column":98}},"101":{"start":{"line":213,"column":6},"end":{"line":213,"column":76}},"102":{"start":{"line":217,"column":4},"end":{"line":217,"column":45}},"103":{"start":{"line":218,"column":4},"end":{"line":218,"column":61}},"104":{"start":{"line":223,"column":0},"end":{"line":239,"column":3}},"105":{"start":{"line":224,"column":44},"end":{"line":224,"column":52}},"106":{"start":{"line":225,"column":2},"end":{"line":227,"column":3}},"107":{"start":{"line":226,"column":4},"end":{"line":226,"column":78}},"108":{"start":{"line":228,"column":2},"end":{"line":238,"column":3}},"109":{"start":{"line":229,"column":15},"end":{"line":229,"column":28}},"110":{"start":{"line":230,"column":4},"end":{"line":233,"column":6}},"111":{"start":{"line":234,"column":4},"end":{"line":234,"column":32}},"112":{"start":{"line":236,"column":4},"end":{"line":236,"column":48}},"113":{"start":{"line":237,"column":4},"end":{"line":237,"column":64}},"114":{"start":{"line":242,"column":0},"end":{"line":251,"column":3}},"115":{"start":{"line":243,"column":2},"end":{"line":250,"column":3}},"116":{"start":{"line":244,"column":15},"end":{"line":244,"column":28}},"117":{"start":{"line":245,"column":17},"end":{"line":245,"column":88}},"118":{"start":{"line":246,"column":4},"end":{"line":246,"column":72}},"119":{"start":{"line":246,"column":15},"end":{"line":246,"column":72}},"120":{"start":{"line":247,"column":4},"end":{"line":247,"column":23}},"121":{"start":{"line":249,"column":4},"end":{"line":249,"column":60}},"122":{"start":{"line":254,"column":0},"end":{"line":263,"column":3}},"123":{"start":{"line":255,"column":2},"end":{"line":262,"column":3}},"124":{"start":{"line":256,"column":15},"end":{"line":256,"column":28}},"125":{"start":{"line":257,"column":4},"end":{"line":257,"column":78}},"126":{"start":{"line":258,"column":4},"end":{"line":258,"column":32}},"127":{"start":{"line":260,"column":4},"end":{"line":260,"column":48}},"128":{"start":{"line":261,"column":4},"end":{"line":261,"column":64}},"129":{"start":{"line":266,"column":0},"end":{"line":307,"column":3}},"130":{"start":{"line":268,"column":87},"end":{"line":268,"column":95}},"131":{"start":{"line":270,"column":2},"end":{"line":272,"column":3}},"132":{"start":{"line":271,"column":4},"end":{"line":271,"column":76}},"133":{"start":{"line":274,"column":2},"end":{"line":306,"column":3}},"134":{"start":{"line":275,"column":15},"end":{"line":275,"column":28}},"135":{"start":{"line":276,"column":17},"end":{"line":276,"column":64}},"136":{"start":{"line":278,"column":17},"end":{"line":283,"column":6}},"137":{"start":{"line":285,"column":4},"end":{"line":285,"column":49}},"138":{"start":{"line":287,"column":4},"end":{"line":300,"column":6}},"139":{"start":{"line":302,"column":4},"end":{"line":302,"column":32}},"140":{"start":{"line":304,"column":4},"end":{"line":304,"column":43}},"141":{"start":{"line":305,"column":4},"end":{"line":305,"column":60}},"142":{"start":{"line":310,"column":0},"end":{"line":322,"column":3}},"143":{"start":{"line":311,"column":2},"end":{"line":321,"column":3}},"144":{"start":{"line":312,"column":15},"end":{"line":312,"column":28}},"145":{"start":{"line":313,"column":18},"end":{"line":317,"column":16}},"146":{"start":{"line":318,"column":4},"end":{"line":318,"column":20}},"147":{"start":{"line":320,"column":4},"end":{"line":320,"column":69}},"148":{"start":{"line":325,"column":0},"end":{"line":346,"column":3}},"149":{"start":{"line":326,"column":2},"end":{"line":345,"column":3}},"150":{"start":{"line":327,"column":15},"end":{"line":327,"column":28}},"151":{"start":{"line":328,"column":17},"end":{"line":328,"column":46}},"152":{"start":{"line":329,"column":18},"end":{"line":329,"column":28}},"153":{"start":{"line":330,"column":22},"end":{"line":330,"column":32}},"154":{"start":{"line":331,"column":4},"end":{"line":331,"column":52}},"155":{"start":{"line":332,"column":16},"end":{"line":332,"column":52}},"156":{"start":{"line":332,"column":23},"end":{"line":332,"column":52}},"157":{"start":{"line":334,"column":21},"end":{"line":340,"column":16}},"158":{"start":{"line":342,"column":4},"end":{"line":342,"column":23}},"159":{"start":{"line":344,"column":4},"end":{"line":344,"column":72}},"160":{"start":{"line":350,"column":0},"end":{"line":352,"column":1}},"161":{"start":{"line":351,"column":2},"end":{"line":351,"column":69}},"162":{"start":{"line":351,"column":25},"end":{"line":351,"column":67}}},"fnMap":{"0":{"name":"geocodeDestination","decl":{"start":{"line":24,"column":15},"end":{"line":24,"column":33}},"loc":{"start":{"line":24,"column":43},"end":{"line":37,"column":1}},"line":24},"1":{"name":"(anonymous_1)","decl":{"start":{"line":39,"column":21},"end":{"line":39,"column":22}},"loc":{"start":{"line":39,"column":35},"end":{"line":41,"column":1}},"line":39},"2":{"name":"(anonymous_2)","decl":{"start":{"line":43,"column":26},"end":{"line":43,"column":27}},"loc":{"start":{"line":43,"column":46},"end":{"line":55,"column":1}},"line":43},"3":{"name":"(anonymous_3)","decl":{"start":{"line":57,"column":23},"end":{"line":57,"column":24}},"loc":{"start":{"line":57,"column":43},"end":{"line":101,"column":1}},"line":57},"4":{"name":"(anonymous_4)","decl":{"start":{"line":103,"column":29},"end":{"line":103,"column":30}},"loc":{"start":{"line":103,"column":49},"end":{"line":138,"column":1}},"line":103},"5":{"name":"(anonymous_5)","decl":{"start":{"line":131,"column":11},"end":{"line":131,"column":12}},"loc":{"start":{"line":131,"column":16},"end":{"line":131,"column":45}},"line":131},"6":{"name":"(anonymous_6)","decl":{"start":{"line":140,"column":26},"end":{"line":140,"column":27}},"loc":{"start":{"line":140,"column":45},"end":{"line":157,"column":1}},"line":140},"7":{"name":"authMiddleware","decl":{"start":{"line":159,"column":9},"end":{"line":159,"column":23}},"loc":{"start":{"line":159,"column":40},"end":{"line":168,"column":1}},"line":159},"8":{"name":"(anonymous_8)","decl":{"start":{"line":173,"column":29},"end":{"line":173,"column":30}},"loc":{"start":{"line":173,"column":49},"end":{"line":220,"column":1}},"line":173},"9":{"name":"(anonymous_9)","decl":{"start":{"line":223,"column":45},"end":{"line":223,"column":46}},"loc":{"start":{"line":223,"column":65},"end":{"line":239,"column":1}},"line":223},"10":{"name":"(anonymous_10)","decl":{"start":{"line":242,"column":40},"end":{"line":242,"column":41}},"loc":{"start":{"line":242,"column":60},"end":{"line":251,"column":1}},"line":242},"11":{"name":"(anonymous_11)","decl":{"start":{"line":254,"column":48},"end":{"line":254,"column":49}},"loc":{"start":{"line":254,"column":68},"end":{"line":263,"column":1}},"line":254},"12":{"name":"(anonymous_12)","decl":{"start":{"line":266,"column":39},"end":{"line":266,"column":40}},"loc":{"start":{"line":266,"column":59},"end":{"line":307,"column":1}},"line":266},"13":{"name":"(anonymous_13)","decl":{"start":{"line":310,"column":45},"end":{"line":310,"column":46}},"loc":{"start":{"line":310,"column":65},"end":{"line":322,"column":1}},"line":310},"14":{"name":"(anonymous_14)","decl":{"start":{"line":325,"column":48},"end":{"line":325,"column":49}},"loc":{"start":{"line":325,"column":68},"end":{"line":346,"column":1}},"line":325},"15":{"name":"(anonymous_15)","decl":{"start":{"line":332,"column":16},"end":{"line":332,"column":17}},"loc":{"start":{"line":332,"column":23},"end":{"line":332,"column":52}},"line":332},"16":{"name":"(anonymous_16)","decl":{"start":{"line":351,"column":19},"end":{"line":351,"column":20}},"loc":{"start":{"line":351,"column":25},"end":{"line":351,"column":67}},"line":351}},"branchMap":{"0":{"loc":{"start":{"line":31,"column":2},"end":{"line":33,"column":3}},"type":"if","locations":[{"start":{"line":31,"column":2},"end":{"line":33,"column":3}},{"start":{},"end":{}}],"line":31},"1":{"loc":{"start":{"line":31,"column":6},"end":{"line":31,"column":46}},"type":"binary-expr","locations":[{"start":{"line":31,"column":6},"end":{"line":31,"column":26}},{"start":{"line":31,"column":30},"end":{"line":31,"column":46}}],"line":31},"2":{"loc":{"start":{"line":47,"column":2},"end":{"line":49,"column":3}},"type":"if","locations":[{"start":{"line":47,"column":2},"end":{"line":49,"column":3}},{"start":{},"end":{}}],"line":47},"3":{"loc":{"start":{"line":60,"column":2},"end":{"line":62,"column":3}},"type":"if","locations":[{"start":{"line":60,"column":2},"end":{"line":62,"column":3}},{"start":{},"end":{}}],"line":60},"4":{"loc":{"start":{"line":60,"column":6},"end":{"line":60,"column":89}},"type":"binary-expr","locations":[{"start":{"line":60,"column":6},"end":{"line":60,"column":18}},{"start":{"line":60,"column":22},"end":{"line":60,"column":34}},{"start":{"line":60,"column":38},"end":{"line":60,"column":50}},{"start":{"line":60,"column":54},"end":{"line":60,"column":67}},{"start":{"line":60,"column":71},"end":{"line":60,"column":78}},{"start":{"line":60,"column":82},"end":{"line":60,"column":89}}],"line":60},"5":{"loc":{"start":{"line":64,"column":2},"end":{"line":67,"column":3}},"type":"if","locations":[{"start":{"line":64,"column":2},"end":{"line":67,"column":3}},{"start":{},"end":{}}],"line":64},"6":{"loc":{"start":{"line":70,"column":2},"end":{"line":72,"column":3}},"type":"if","locations":[{"start":{"line":70,"column":2},"end":{"line":72,"column":3}},{"start":{},"end":{}}],"line":70},"7":{"loc":{"start":{"line":83,"column":4},"end":{"line":85,"column":5}},"type":"if","locations":[{"start":{"line":83,"column":4},"end":{"line":85,"column":5}},{"start":{},"end":{}}],"line":83},"8":{"loc":{"start":{"line":106,"column":2},"end":{"line":106,"column":63}},"type":"if","locations":[{"start":{"line":106,"column":2},"end":{"line":106,"column":63}},{"start":{},"end":{}}],"line":106},"9":{"loc":{"start":{"line":106,"column":6},"end":{"line":106,"column":24}},"type":"binary-expr","locations":[{"start":{"line":106,"column":6},"end":{"line":106,"column":8}},{"start":{"line":106,"column":12},"end":{"line":106,"column":24}}],"line":106},"10":{"loc":{"start":{"line":130,"column":25},"end":{"line":130,"column":47}},"type":"binary-expr","locations":[{"start":{"line":130,"column":25},"end":{"line":130,"column":41}},{"start":{"line":130,"column":45},"end":{"line":130,"column":47}}],"line":130},"11":{"loc":{"start":{"line":143,"column":4},"end":{"line":145,"column":5}},"type":"if","locations":[{"start":{"line":143,"column":4},"end":{"line":145,"column":5}},{"start":{},"end":{}}],"line":143},"12":{"loc":{"start":{"line":146,"column":4},"end":{"line":148,"column":5}},"type":"if","locations":[{"start":{"line":146,"column":4},"end":{"line":148,"column":5}},{"start":{},"end":{}}],"line":146},"13":{"loc":{"start":{"line":150,"column":4},"end":{"line":152,"column":5}},"type":"if","locations":[{"start":{"line":150,"column":4},"end":{"line":152,"column":5}},{"start":{},"end":{}}],"line":150},"14":{"loc":{"start":{"line":161,"column":2},"end":{"line":161,"column":69}},"type":"if","locations":[{"start":{"line":161,"column":2},"end":{"line":161,"column":69}},{"start":{},"end":{}}],"line":161},"15":{"loc":{"start":{"line":175,"column":2},"end":{"line":175,"column":87}},"type":"if","locations":[{"start":{"line":175,"column":2},"end":{"line":175,"column":87}},{"start":{},"end":{}}],"line":175},"16":{"loc":{"start":{"line":175,"column":6},"end":{"line":175,"column":21}},"type":"binary-expr","locations":[{"start":{"line":175,"column":6},"end":{"line":175,"column":12}},{"start":{"line":175,"column":16},"end":{"line":175,"column":21}}],"line":175},"17":{"loc":{"start":{"line":183,"column":4},"end":{"line":185,"column":5}},"type":"if","locations":[{"start":{"line":183,"column":4},"end":{"line":185,"column":5}},{"start":{},"end":{}}],"line":183},"18":{"loc":{"start":{"line":193,"column":4},"end":{"line":202,"column":5}},"type":"if","locations":[{"start":{"line":193,"column":4},"end":{"line":202,"column":5}},{"start":{},"end":{}}],"line":193},"19":{"loc":{"start":{"line":194,"column":6},"end":{"line":196,"column":7}},"type":"if","locations":[{"start":{"line":194,"column":6},"end":{"line":196,"column":7}},{"start":{},"end":{}}],"line":194},"20":{"loc":{"start":{"line":197,"column":6},"end":{"line":199,"column":7}},"type":"if","locations":[{"start":{"line":197,"column":6},"end":{"line":199,"column":7}},{"start":{},"end":{}}],"line":197},"21":{"loc":{"start":{"line":204,"column":4},"end":{"line":214,"column":5}},"type":"if","locations":[{"start":{"line":204,"column":4},"end":{"line":214,"column":5}},{"start":{},"end":{}}],"line":204},"22":{"loc":{"start":{"line":205,"column":6},"end":{"line":207,"column":7}},"type":"if","locations":[{"start":{"line":205,"column":6},"end":{"line":207,"column":7}},{"start":{},"end":{}}],"line":205},"23":{"loc":{"start":{"line":205,"column":10},"end":{"line":205,"column":55}},"type":"binary-expr","locations":[{"start":{"line":205,"column":10},"end":{"line":205,"column":22}},{"start":{"line":205,"column":26},"end":{"line":205,"column":55}}],"line":205},"24":{"loc":{"start":{"line":209,"column":6},"end":{"line":211,"column":7}},"type":"if","locations":[{"start":{"line":209,"column":6},"end":{"line":211,"column":7}},{"start":{},"end":{}}],"line":209},"25":{"loc":{"start":{"line":225,"column":2},"end":{"line":227,"column":3}},"type":"if","locations":[{"start":{"line":225,"column":2},"end":{"line":227,"column":3}},{"start":{},"end":{}}],"line":225},"26":{"loc":{"start":{"line":225,"column":6},"end":{"line":225,"column":45}},"type":"binary-expr","locations":[{"start":{"line":225,"column":6},"end":{"line":225,"column":10}},{"start":{"line":225,"column":14},"end":{"line":225,"column":24}},{"start":{"line":225,"column":28},"end":{"line":225,"column":35}},{"start":{"line":225,"column":39},"end":{"line":225,"column":45}}],"line":225},"27":{"loc":{"start":{"line":246,"column":4},"end":{"line":246,"column":72}},"type":"if","locations":[{"start":{"line":246,"column":4},"end":{"line":246,"column":72}},{"start":{},"end":{}}],"line":246},"28":{"loc":{"start":{"line":270,"column":2},"end":{"line":272,"column":3}},"type":"if","locations":[{"start":{"line":270,"column":2},"end":{"line":272,"column":3}},{"start":{},"end":{}}],"line":270},"29":{"loc":{"start":{"line":270,"column":6},"end":{"line":270,"column":68}},"type":"binary-expr","locations":[{"start":{"line":270,"column":6},"end":{"line":270,"column":18}},{"start":{"line":270,"column":22},"end":{"line":270,"column":32}},{"start":{"line":270,"column":36},"end":{"line":270,"column":44}},{"start":{"line":270,"column":48},"end":{"line":270,"column":68}}],"line":270},"30":{"loc":{"start":{"line":328,"column":17},"end":{"line":328,"column":46}},"type":"binary-expr","locations":[{"start":{"line":328,"column":17},"end":{"line":328,"column":41}},{"start":{"line":328,"column":45},"end":{"line":328,"column":46}}],"line":328},"31":{"loc":{"start":{"line":350,"column":0},"end":{"line":352,"column":1}},"type":"if","locations":[{"start":{"line":350,"column":0},"end":{"line":352,"column":1}},{"start":{},"end":{}}],"line":350}},"s":{"0":1,"1":1,"2":1,"3":1,"4":3,"5":3,"6":3,"7":3,"8":3,"9":1,"10":2,"11":2,"12":1,"13":1,"14":1,"15":3,"16":3,"17":3,"18":3,"19":2,"20":1,"21":0,"22":0,"23":1,"24":4,"25":4,"26":1,"27":3,"28":0,"29":0,"30":3,"31":3,"32":1,"33":2,"34":2,"35":2,"36":1,"37":1,"38":1,"39":1,"40":0,"41":0,"42":1,"43":2,"44":2,"45":2,"46":1,"47":1,"48":1,"49":1,"50":1,"51":1,"52":1,"53":2,"54":1,"55":0,"56":0,"57":1,"58":3,"59":3,"60":3,"61":1,"62":2,"63":0,"64":2,"65":2,"66":1,"67":1,"68":0,"69":23,"70":23,"71":6,"72":17,"73":17,"74":11,"75":6,"76":1,"77":9,"78":9,"79":2,"80":7,"81":7,"82":7,"83":1,"84":6,"85":6,"86":6,"87":6,"88":6,"89":3,"90":1,"91":2,"92":1,"93":1,"94":1,"95":3,"96":3,"97":1,"98":2,"99":1,"100":2,"101":2,"102":0,"103":0,"104":1,"105":2,"106":2,"107":1,"108":1,"109":1,"110":1,"111":1,"112":0,"113":0,"114":1,"115":2,"116":2,"117":2,"118":2,"119":1,"120":1,"121":0,"122":1,"123":1,"124":1,"125":1,"126":1,"127":0,"128":0,"129":1,"130":3,"131":3,"132":1,"133":2,"134":2,"135":2,"136":2,"137":2,"138":2,"139":2,"140":0,"141":0,"142":1,"143":1,"144":1,"145":1,"146":1,"147":0,"148":1,"149":2,"150":2,"151":2,"152":2,"153":2,"154":2,"155":2,"156":4,"157":2,"158":2,"159":0,"160":1,"161":0,"162":0},"f":{"0":3,"1":1,"2":3,"3":4,"4":2,"5":2,"6":3,"7":23,"8":9,"9":2,"10":2,"11":1,"12":3,"13":1,"14":2,"15":4,"16":0},"b":{"0":[1,2],"1":[3,2],"2":[2,1],"3":[1,3],"4":[4,4,3,3,3,3],"5":[0,3],"6":[1,2],"7":[1,1],"8":[1,1],"9":[2,2],"10":[1,0],"11":[1,2],"12":[0,2],"13":[1,1],"14":[6,17],"15":[2,7],"16":[9,8],"17":[1,6],"18":[3,3],"19":[1,2],"20":[1,1],"21":[3,0],"22":[1,2],"23":[3,2],"24":[1,1],"25":[1,1],"26":[2,2,1,1],"27":[1,1],"28":[1,2],"29":[3,3,2,2],"30":[2,1],"31":[0,1]},"_coverageSchema":"1a1c01bbd47fc00a2c39e90264f33305004495a9","hash":"b4c65f06a233fbdc4b4b39eb23f91af57ec88a97"}
,"C:\\Users\\willq\\OneDrive\\Desktop\\CS 411\\CS411-Walkmore\\server\\models\\DailyActivity.js": {"path":"C:\\Users\\willq\\OneDrive\\Desktop\\CS 411\\CS411-Walkmore\\server\\models\\DailyActivity.js","statementMap":{"0":{"start":{"line":6,"column":2},"end":{"line":14,"column":4}}},"fnMap":{"0":{"name":"createDailyActivity","decl":{"start":{"line":5,"column":16},"end":{"line":5,"column":35}},"loc":{"start":{"line":5,"column":57},"end":{"line":15,"column":1}},"line":5}},"branchMap":{},"s":{"0":1},"f":{"0":1},"b":{},"_coverageSchema":"1a1c01bbd47fc00a2c39e90264f33305004495a9","hash":"695574b84dedfefc0e0f2fc372d32fc49e124d53"}
,"C:\\Users\\willq\\OneDrive\\Desktop\\CS 411\\CS411-Walkmore\\server\\models\\Trip.js": {"path":"C:\\Users\\willq\\OneDrive\\Desktop\\CS 411\\CS411-Walkmore\\server\\models\\Trip.js","statementMap":{"0":{"start":{"line":6,"column":2},"end":{"line":19,"column":4}}},"fnMap":{"0":{"name":"createTrip","decl":{"start":{"line":4,"column":16},"end":{"line":4,"column":26}},"loc":{"start":{"line":5,"column":99},"end":{"line":20,"column":1}},"line":5}},"branchMap":{},"s":{"0":3},"f":{"0":3},"b":{},"_coverageSchema":"1a1c01bbd47fc00a2c39e90264f33305004495a9","hash":"a9987f8ca3ebcc7b0b9177212327546ffffd5f4b"}
,"C:\\Users\\willq\\OneDrive\\Desktop\\CS 411\\CS411-Walkmore\\server\\models\\User.js": {"path":"C:\\Users\\willq\\OneDrive\\Desktop\\CS 411\\CS411-Walkmore\\server\\models\\User.js","statementMap":{"0":{"start":{"line":5,"column":2},"end":{"line":17,"column":4}}},"fnMap":{"0":{"name":"createUser","decl":{"start":{"line":4,"column":16},"end":{"line":4,"column":26}},"loc":{"start":{"line":4,"column":64},"end":{"line":18,"column":1}},"line":4}},"branchMap":{},"s":{"0":1},"f":{"0":1},"b":{},"_coverageSchema":"1a1c01bbd47fc00a2c39e90264f33305004495a9","hash":"770a90dc48a933c10077430fcc4da1114b7291c0"}
}
