{"C:\\Users\\willq\\OneDrive\\Desktop\\CS 411\\CS411-Walkmore\\server\\db.js": {"path":"C:\\Users\\willq\\OneDrive\\Desktop\\CS 411\\CS411-Walkmore\\server\\db.js","statementMap":{"0":{"start":{"line":3,"column":15},"end":{"line":3,"column":53}},"1":{"start":{"line":7,"column":2},"end":{"line":10,"column":3}},"2":{"start":{"line":8,"column":4},"end":{"line":8,"column":27}},"3":{"start":{"line":9,"column":4},"end":{"line":9,"column":31}},"4":{"start":{"line":11,"column":2},"end":{"line":11,"column":12}}},"fnMap":{"0":{"name":"getDb","decl":{"start":{"line":6,"column":22},"end":{"line":6,"column":27}},"loc":{"start":{"line":6,"column":30},"end":{"line":12,"column":1}},"line":6}},"branchMap":{"0":{"loc":{"start":{"line":7,"column":2},"end":{"line":10,"column":3}},"type":"if","locations":[{"start":{"line":7,"column":2},"end":{"line":10,"column":3}},{"start":{},"end":{}}],"line":7}},"s":{"0":1,"1":0,"2":0,"3":0,"4":0},"f":{"0":0},"b":{"0":[0,0]},"_coverageSchema":"1a1c01bbd47fc00a2c39e90264f33305004495a9","hash":"93dbd07e53e5dd5ae1eab8c1eb2258c954a9fd4e"}
,"C:\\Users\\willq\\OneDrive\\Desktop\\CS 411\\CS411-Walkmore\\server\\server.js": {"path":"C:\\Users\\willq\\OneDrive\\Desktop\\CS 411\\CS411-Walkmore\\server\\server.js","statementMap":{"0":{"start":{"line":11,"column":21},"end":{"line":11,"column":67}},"1":{"start":{"line":13,"column":12},"end":{"line":13,"column":21}},"2":{"start":{"line":14,"column":0},"end":{"line":14,"column":16}},"3":{"start":{"line":15,"column":0},"end":{"line":15,"column":24}},"4":{"start":{"line":17,"column":26},"end":{"line":17,"column":33}},"5":{"start":{"line":18,"column":26},"end":{"line":18,"column":34}},"6":{"start":{"line":21,"column":17},"end":{"line":21,"column":43}},"7":{"start":{"line":22,"column":14},"end":{"line":22,"column":118}},"8":{"start":{"line":24,"column":19},"end":{"line":24,"column":35}},"9":{"start":{"line":25,"column":15},"end":{"line":25,"column":36}},"10":{"start":{"line":27,"column":2},"end":{"line":29,"column":3}},"11":{"start":{"line":28,"column":4},"end":{"line":28,"column":16}},"12":{"start":{"line":31,"column":23},"end":{"line":31,"column":56}},"13":{"start":{"line":32,"column":2},"end":{"line":32,"column":27}},"14":{"start":{"line":35,"column":0},"end":{"line":37,"column":3}},"15":{"start":{"line":36,"column":2},"end":{"line":36,"column":56}},"16":{"start":{"line":38,"column":0},"end":{"line":50,"column":3}},"17":{"start":{"line":39,"column":2},"end":{"line":49,"column":3}},"18":{"start":{"line":40,"column":20},"end":{"line":40,"column":28}},"19":{"start":{"line":41,"column":17},"end":{"line":41,"column":46}},"20":{"start":{"line":42,"column":2},"end":{"line":44,"column":3}},"21":{"start":{"line":43,"column":4},"end":{"line":43,"column":70}},"22":{"start":{"line":45,"column":2},"end":{"line":45,"column":19}},"23":{"start":{"line":47,"column":4},"end":{"line":47,"column":53}},"24":{"start":{"line":48,"column":4},"end":{"line":48,"column":89}},"25":{"start":{"line":51,"column":0},"end":{"line":91,"column":3}},"26":{"start":{"line":52,"column":66},"end":{"line":52,"column":74}},"27":{"start":{"line":54,"column":2},"end":{"line":56,"column":3}},"28":{"start":{"line":55,"column":4},"end":{"line":55,"column":71}},"29":{"start":{"line":58,"column":17},"end":{"line":58,"column":54}},"30":{"start":{"line":59,"column":2},"end":{"line":61,"column":3}},"31":{"start":{"line":60,"column":4},"end":{"line":60,"column":106}},"32":{"start":{"line":63,"column":2},"end":{"line":90,"column":3}},"33":{"start":{"line":64,"column":19},"end":{"line":71,"column":5}},"34":{"start":{"line":73,"column":4},"end":{"line":75,"column":5}},"35":{"start":{"line":74,"column":6},"end":{"line":74,"column":86}},"36":{"start":{"line":78,"column":21},"end":{"line":82,"column":5}},"37":{"start":{"line":84,"column":26},"end":{"line":84,"column":48}},"38":{"start":{"line":85,"column":4},"end":{"line":85,"column":58}},"39":{"start":{"line":88,"column":4},"end":{"line":88,"column":51}},"40":{"start":{"line":89,"column":4},"end":{"line":89,"column":87}},"41":{"start":{"line":93,"column":0},"end":{"line":109,"column":3}},"42":{"start":{"line":94,"column":16},"end":{"line":94,"column":25}},"43":{"start":{"line":95,"column":2},"end":{"line":95,"column":63}},"44":{"start":{"line":95,"column":26},"end":{"line":95,"column":63}},"45":{"start":{"line":97,"column":17},"end":{"line":97,"column":43}},"46":{"start":{"line":98,"column":14},"end":{"line":98,"column":182}},"47":{"start":{"line":100,"column":2},"end":{"line":108,"column":3}},"48":{"start":{"line":101,"column":21},"end":{"line":101,"column":37}},"49":{"start":{"line":102,"column":17},"end":{"line":102,"column":38}},"50":{"start":{"line":103,"column":24},"end":{"line":103,"column":64}},"51":{"start":{"line":103,"column":50},"end":{"line":103,"column":63}},"52":{"start":{"line":104,"column":4},"end":{"line":104,"column":30}},"53":{"start":{"line":106,"column":4},"end":{"line":106,"column":46}},"54":{"start":{"line":107,"column":4},"end":{"line":107,"column":46}},"55":{"start":{"line":113,"column":16},"end":{"line":113,"column":56}},"56":{"start":{"line":114,"column":2},"end":{"line":114,"column":69}},"57":{"start":{"line":114,"column":14},"end":{"line":114,"column":69}},"58":{"start":{"line":115,"column":2},"end":{"line":120,"column":3}},"59":{"start":{"line":116,"column":4},"end":{"line":116,"column":57}},"60":{"start":{"line":117,"column":4},"end":{"line":117,"column":11}},"61":{"start":{"line":119,"column":4},"end":{"line":119,"column":53}},"62":{"start":{"line":126,"column":0},"end":{"line":177,"column":3}},"63":{"start":{"line":127,"column":26},"end":{"line":127,"column":34}},"64":{"start":{"line":128,"column":2},"end":{"line":128,"column":87}},"65":{"start":{"line":128,"column":23},"end":{"line":128,"column":87}},"66":{"start":{"line":130,"column":2},"end":{"line":176,"column":3}},"67":{"start":{"line":132,"column":22},"end":{"line":134,"column":6}},"68":{"start":{"line":136,"column":4},"end":{"line":138,"column":5}},"69":{"start":{"line":137,"column":6},"end":{"line":137,"column":69}},"70":{"start":{"line":140,"column":53},"end":{"line":140,"column":75}},"71":{"start":{"line":142,"column":15},"end":{"line":142,"column":28}},"72":{"start":{"line":143,"column":18},"end":{"line":143,"column":40}},"73":{"start":{"line":144,"column":25},"end":{"line":144,"column":59}},"74":{"start":{"line":146,"column":4},"end":{"line":155,"column":5}},"75":{"start":{"line":147,"column":6},"end":{"line":149,"column":7}},"76":{"start":{"line":148,"column":8},"end":{"line":148,"column":100}},"77":{"start":{"line":150,"column":6},"end":{"line":152,"column":7}},"78":{"start":{"line":151,"column":8},"end":{"line":151,"column":108}},"79":{"start":{"line":153,"column":23},"end":{"line":153,"column":98}},"80":{"start":{"line":154,"column":6},"end":{"line":154,"column":63}},"81":{"start":{"line":157,"column":4},"end":{"line":171,"column":5}},"82":{"start":{"line":158,"column":6},"end":{"line":160,"column":7}},"83":{"start":{"line":159,"column":8},"end":{"line":159,"column":98}},"84":{"start":{"line":162,"column":6},"end":{"line":168,"column":7}},"85":{"start":{"line":163,"column":8},"end":{"line":167,"column":11}},"86":{"start":{"line":169,"column":23},"end":{"line":169,"column":98}},"87":{"start":{"line":170,"column":6},"end":{"line":170,"column":76}},"88":{"start":{"line":174,"column":4},"end":{"line":174,"column":45}},"89":{"start":{"line":175,"column":4},"end":{"line":175,"column":61}},"90":{"start":{"line":180,"column":0},"end":{"line":196,"column":3}},"91":{"start":{"line":181,"column":44},"end":{"line":181,"column":52}},"92":{"start":{"line":182,"column":2},"end":{"line":184,"column":3}},"93":{"start":{"line":183,"column":4},"end":{"line":183,"column":78}},"94":{"start":{"line":185,"column":2},"end":{"line":195,"column":3}},"95":{"start":{"line":186,"column":15},"end":{"line":186,"column":28}},"96":{"start":{"line":187,"column":4},"end":{"line":190,"column":6}},"97":{"start":{"line":191,"column":4},"end":{"line":191,"column":32}},"98":{"start":{"line":193,"column":4},"end":{"line":193,"column":48}},"99":{"start":{"line":194,"column":4},"end":{"line":194,"column":64}},"100":{"start":{"line":199,"column":0},"end":{"line":208,"column":3}},"101":{"start":{"line":200,"column":2},"end":{"line":207,"column":3}},"102":{"start":{"line":201,"column":15},"end":{"line":201,"column":28}},"103":{"start":{"line":202,"column":17},"end":{"line":202,"column":88}},"104":{"start":{"line":203,"column":4},"end":{"line":203,"column":72}},"105":{"start":{"line":203,"column":15},"end":{"line":203,"column":72}},"106":{"start":{"line":204,"column":4},"end":{"line":204,"column":23}},"107":{"start":{"line":206,"column":4},"end":{"line":206,"column":60}},"108":{"start":{"line":211,"column":0},"end":{"line":220,"column":3}},"109":{"start":{"line":212,"column":2},"end":{"line":219,"column":3}},"110":{"start":{"line":213,"column":15},"end":{"line":213,"column":28}},"111":{"start":{"line":214,"column":4},"end":{"line":214,"column":78}},"112":{"start":{"line":215,"column":4},"end":{"line":215,"column":32}},"113":{"start":{"line":217,"column":4},"end":{"line":217,"column":48}},"114":{"start":{"line":218,"column":4},"end":{"line":218,"column":64}},"115":{"start":{"line":224,"column":0},"end":{"line":226,"column":1}},"116":{"start":{"line":225,"column":2},"end":{"line":225,"column":69}},"117":{"start":{"line":225,"column":25},"end":{"line":225,"column":67}}},"fnMap":{"0":{"name":"geocodeDestination","decl":{"start":{"line":20,"column":15},"end":{"line":20,"column":33}},"loc":{"start":{"line":20,"column":43},"end":{"line":33,"column":1}},"line":20},"1":{"name":"(anonymous_1)","decl":{"start":{"line":35,"column":21},"end":{"line":35,"column":22}},"loc":{"start":{"line":35,"column":35},"end":{"line":37,"column":1}},"line":35},"2":{"name":"(anonymous_2)","decl":{"start":{"line":38,"column":26},"end":{"line":38,"column":27}},"loc":{"start":{"line":38,"column":46},"end":{"line":50,"column":1}},"line":38},"3":{"name":"(anonymous_3)","decl":{"start":{"line":51,"column":23},"end":{"line":51,"column":24}},"loc":{"start":{"line":51,"column":43},"end":{"line":91,"column":1}},"line":51},"4":{"name":"(anonymous_4)","decl":{"start":{"line":93,"column":29},"end":{"line":93,"column":30}},"loc":{"start":{"line":93,"column":49},"end":{"line":109,"column":1}},"line":93},"5":{"name":"(anonymous_5)","decl":{"start":{"line":103,"column":45},"end":{"line":103,"column":46}},"loc":{"start":{"line":103,"column":50},"end":{"line":103,"column":63}},"line":103},"6":{"name":"authMiddleware","decl":{"start":{"line":112,"column":9},"end":{"line":112,"column":23}},"loc":{"start":{"line":112,"column":40},"end":{"line":121,"column":1}},"line":112},"7":{"name":"(anonymous_7)","decl":{"start":{"line":126,"column":29},"end":{"line":126,"column":30}},"loc":{"start":{"line":126,"column":49},"end":{"line":177,"column":1}},"line":126},"8":{"name":"(anonymous_8)","decl":{"start":{"line":180,"column":45},"end":{"line":180,"column":46}},"loc":{"start":{"line":180,"column":65},"end":{"line":196,"column":1}},"line":180},"9":{"name":"(anonymous_9)","decl":{"start":{"line":199,"column":40},"end":{"line":199,"column":41}},"loc":{"start":{"line":199,"column":60},"end":{"line":208,"column":1}},"line":199},"10":{"name":"(anonymous_10)","decl":{"start":{"line":211,"column":48},"end":{"line":211,"column":49}},"loc":{"start":{"line":211,"column":68},"end":{"line":220,"column":1}},"line":211},"11":{"name":"(anonymous_11)","decl":{"start":{"line":225,"column":19},"end":{"line":225,"column":20}},"loc":{"start":{"line":225,"column":25},"end":{"line":225,"column":67}},"line":225}},"branchMap":{"0":{"loc":{"start":{"line":27,"column":2},"end":{"line":29,"column":3}},"type":"if","locations":[{"start":{"line":27,"column":2},"end":{"line":29,"column":3}},{"start":{},"end":{}}],"line":27},"1":{"loc":{"start":{"line":27,"column":6},"end":{"line":27,"column":46}},"type":"binary-expr","locations":[{"start":{"line":27,"column":6},"end":{"line":27,"column":26}},{"start":{"line":27,"column":30},"end":{"line":27,"column":46}}],"line":27},"2":{"loc":{"start":{"line":42,"column":2},"end":{"line":44,"column":3}},"type":"if","locations":[{"start":{"line":42,"column":2},"end":{"line":44,"column":3}},{"start":{},"end":{}}],"line":42},"3":{"loc":{"start":{"line":54,"column":2},"end":{"line":56,"column":3}},"type":"if","locations":[{"start":{"line":54,"column":2},"end":{"line":56,"column":3}},{"start":{},"end":{}}],"line":54},"4":{"loc":{"start":{"line":54,"column":6},"end":{"line":54,"column":67}},"type":"binary-expr","locations":[{"start":{"line":54,"column":6},"end":{"line":54,"column":18}},{"start":{"line":54,"column":22},"end":{"line":54,"column":34}},{"start":{"line":54,"column":38},"end":{"line":54,"column":50}},{"start":{"line":54,"column":54},"end":{"line":54,"column":67}}],"line":54},"5":{"loc":{"start":{"line":59,"column":2},"end":{"line":61,"column":3}},"type":"if","locations":[{"start":{"line":59,"column":2},"end":{"line":61,"column":3}},{"start":{},"end":{}}],"line":59},"6":{"loc":{"start":{"line":73,"column":4},"end":{"line":75,"column":5}},"type":"if","locations":[{"start":{"line":73,"column":4},"end":{"line":75,"column":5}},{"start":{},"end":{}}],"line":73},"7":{"loc":{"start":{"line":95,"column":2},"end":{"line":95,"column":63}},"type":"if","locations":[{"start":{"line":95,"column":2},"end":{"line":95,"column":63}},{"start":{},"end":{}}],"line":95},"8":{"loc":{"start":{"line":95,"column":6},"end":{"line":95,"column":24}},"type":"binary-expr","locations":[{"start":{"line":95,"column":6},"end":{"line":95,"column":8}},{"start":{"line":95,"column":12},"end":{"line":95,"column":24}}],"line":95},"9":{"loc":{"start":{"line":114,"column":2},"end":{"line":114,"column":69}},"type":"if","locations":[{"start":{"line":114,"column":2},"end":{"line":114,"column":69}},{"start":{},"end":{}}],"line":114},"10":{"loc":{"start":{"line":128,"column":2},"end":{"line":128,"column":87}},"type":"if","locations":[{"start":{"line":128,"column":2},"end":{"line":128,"column":87}},{"start":{},"end":{}}],"line":128},"11":{"loc":{"start":{"line":128,"column":6},"end":{"line":128,"column":21}},"type":"binary-expr","locations":[{"start":{"line":128,"column":6},"end":{"line":128,"column":12}},{"start":{"line":128,"column":16},"end":{"line":128,"column":21}}],"line":128},"12":{"loc":{"start":{"line":136,"column":4},"end":{"line":138,"column":5}},"type":"if","locations":[{"start":{"line":136,"column":4},"end":{"line":138,"column":5}},{"start":{},"end":{}}],"line":136},"13":{"loc":{"start":{"line":146,"column":4},"end":{"line":155,"column":5}},"type":"if","locations":[{"start":{"line":146,"column":4},"end":{"line":155,"column":5}},{"start":{},"end":{}}],"line":146},"14":{"loc":{"start":{"line":147,"column":6},"end":{"line":149,"column":7}},"type":"if","locations":[{"start":{"line":147,"column":6},"end":{"line":149,"column":7}},{"start":{},"end":{}}],"line":147},"15":{"loc":{"start":{"line":150,"column":6},"end":{"line":152,"column":7}},"type":"if","locations":[{"start":{"line":150,"column":6},"end":{"line":152,"column":7}},{"start":{},"end":{}}],"line":150},"16":{"loc":{"start":{"line":157,"column":4},"end":{"line":171,"column":5}},"type":"if","locations":[{"start":{"line":157,"column":4},"end":{"line":171,"column":5}},{"start":{},"end":{}}],"line":157},"17":{"loc":{"start":{"line":158,"column":6},"end":{"line":160,"column":7}},"type":"if","locations":[{"start":{"line":158,"column":6},"end":{"line":160,"column":7}},{"start":{},"end":{}}],"line":158},"18":{"loc":{"start":{"line":158,"column":10},"end":{"line":158,"column":55}},"type":"binary-expr","locations":[{"start":{"line":158,"column":10},"end":{"line":158,"column":22}},{"start":{"line":158,"column":26},"end":{"line":158,"column":55}}],"line":158},"19":{"loc":{"start":{"line":162,"column":6},"end":{"line":168,"column":7}},"type":"if","locations":[{"start":{"line":162,"column":6},"end":{"line":168,"column":7}},{"start":{},"end":{}}],"line":162},"20":{"loc":{"start":{"line":182,"column":2},"end":{"line":184,"column":3}},"type":"if","locations":[{"start":{"line":182,"column":2},"end":{"line":184,"column":3}},{"start":{},"end":{}}],"line":182},"21":{"loc":{"start":{"line":182,"column":6},"end":{"line":182,"column":45}},"type":"binary-expr","locations":[{"start":{"line":182,"column":6},"end":{"line":182,"column":10}},{"start":{"line":182,"column":14},"end":{"line":182,"column":24}},{"start":{"line":182,"column":28},"end":{"line":182,"column":35}},{"start":{"line":182,"column":39},"end":{"line":182,"column":45}}],"line":182},"22":{"loc":{"start":{"line":203,"column":4},"end":{"line":203,"column":72}},"type":"if","locations":[{"start":{"line":203,"column":4},"end":{"line":203,"column":72}},{"start":{},"end":{}}],"line":203},"23":{"loc":{"start":{"line":224,"column":0},"end":{"line":226,"column":1}},"type":"if","locations":[{"start":{"line":224,"column":0},"end":{"line":226,"column":1}},{"start":{},"end":{}}],"line":224}},"s":{"0":1,"1":1,"2":1,"3":1,"4":1,"5":1,"6":3,"7":3,"8":3,"9":3,"10":3,"11":1,"12":2,"13":2,"14":1,"15":1,"16":1,"17":3,"18":3,"19":3,"20":3,"21":2,"22":1,"23":0,"24":0,"25":1,"26":4,"27":4,"28":1,"29":3,"30":3,"31":1,"32":2,"33":2,"34":2,"35":1,"36":1,"37":1,"38":1,"39":0,"40":0,"41":1,"42":2,"43":2,"44":1,"45":1,"46":1,"47":1,"48":1,"49":1,"50":1,"51":2,"52":1,"53":0,"54":0,"55":11,"56":11,"57":3,"58":8,"59":8,"60":5,"61":3,"62":1,"63":9,"64":9,"65":2,"66":7,"67":7,"68":7,"69":1,"70":6,"71":6,"72":6,"73":6,"74":6,"75":3,"76":1,"77":2,"78":1,"79":1,"80":1,"81":3,"82":3,"83":1,"84":2,"85":1,"86":2,"87":2,"88":0,"89":0,"90":1,"91":2,"92":2,"93":1,"94":1,"95":1,"96":1,"97":1,"98":0,"99":0,"100":1,"101":2,"102":2,"103":2,"104":2,"105":1,"106":1,"107":0,"108":1,"109":1,"110":1,"111":1,"112":1,"113":0,"114":0,"115":1,"116":0,"117":0},"f":{"0":3,"1":1,"2":3,"3":4,"4":2,"5":2,"6":11,"7":9,"8":2,"9":2,"10":1,"11":0},"b":{"0":[1,2],"1":[3,2],"2":[2,1],"3":[1,3],"4":[4,4,3,3],"5":[1,2],"6":[1,1],"7":[1,1],"8":[2,2],"9":[3,8],"10":[2,7],"11":[9,8],"12":[1,6],"13":[3,3],"14":[1,2],"15":[1,1],"16":[3,0],"17":[1,2],"18":[3,2],"19":[1,1],"20":[1,1],"21":[2,2,1,1],"22":[1,1],"23":[0,1]},"_coverageSchema":"1a1c01bbd47fc00a2c39e90264f33305004495a9","hash":"07661cc01e066b471a6dea74aa3fd6d7fa958a0c"}
}
