TN:
SF:db.js
FN:6,getDb
FNF:1
FNH:0
FNDA:0,getDb
DA:3,1
DA:7,0
DA:8,0
DA:9,0
DA:11,0
LF:5
LH:1
BRDA:7,0,0,0
BRDA:7,0,1,0
BRF:2
BRH:0
end_of_record
TN:
SF:server.js
FN:20,geocodeDestination
FN:35,(anonymous_1)
FN:38,(anonymous_2)
FN:51,(anonymous_3)
FN:93,(anonymous_4)
FN:103,(anonymous_5)
FN:112,authMiddleware
FN:126,(anonymous_7)
FN:180,(anonymous_8)
FN:199,(anonymous_9)
FN:211,(anonymous_10)
FN:225,(anonymous_11)
FNF:12
FNH:11
FNDA:3,geocodeDestination
FNDA:1,(anonymous_1)
FNDA:3,(anonymous_2)
FNDA:4,(anonymous_3)
FNDA:2,(anonymous_4)
FNDA:2,(anonymous_5)
FNDA:11,authMiddleware
FNDA:9,(anonymous_7)
FNDA:2,(anonymous_8)
FNDA:2,(anonymous_9)
FNDA:1,(anonymous_10)
FNDA:0,(anonymous_11)
DA:11,1
DA:13,1
DA:14,1
DA:15,1
DA:17,1
DA:18,1
DA:21,3
DA:22,3
DA:24,3
DA:25,3
DA:27,3
DA:28,1
DA:31,2
DA:32,2
DA:35,1
DA:36,1
DA:38,1
DA:39,3
DA:40,3
DA:41,3
DA:42,3
DA:43,2
DA:45,1
DA:47,0
DA:48,0
DA:51,1
DA:52,4
DA:54,4
DA:55,1
DA:58,3
DA:59,3
DA:60,1
DA:63,2
DA:64,2
DA:73,2
DA:74,1
DA:78,1
DA:84,1
DA:85,1
DA:88,0
DA:89,0
DA:93,1
DA:94,2
DA:95,2
DA:97,1
DA:98,1
DA:100,1
DA:101,1
DA:102,1
DA:103,2
DA:104,1
DA:106,0
DA:107,0
DA:113,11
DA:114,11
DA:115,8
DA:116,8
DA:117,5
DA:119,3
DA:126,1
DA:127,9
DA:128,9
DA:130,7
DA:132,7
DA:136,7
DA:137,1
DA:140,6
DA:142,6
DA:143,6
DA:144,6
DA:146,6
DA:147,3
DA:148,1
DA:150,2
DA:151,1
DA:153,1
DA:154,1
DA:157,3
DA:158,3
DA:159,1
DA:162,2
DA:163,1
DA:169,2
DA:170,2
DA:174,0
DA:175,0
DA:180,1
DA:181,2
DA:182,2
DA:183,1
DA:185,1
DA:186,1
DA:187,1
DA:191,1
DA:193,0
DA:194,0
DA:199,1
DA:200,2
DA:201,2
DA:202,2
DA:203,2
DA:204,1
DA:206,0
DA:211,1
DA:212,1
DA:213,1
DA:214,1
DA:215,1
DA:217,0
DA:218,0
DA:224,1
DA:225,0
LF:112
LH:98
BRDA:27,0,0,1
BRDA:27,0,1,2
BRDA:27,1,0,3
BRDA:27,1,1,2
BRDA:42,2,0,2
BRDA:42,2,1,1
BRDA:54,3,0,1
BRDA:54,3,1,3
BRDA:54,4,0,4
BRDA:54,4,1,4
BRDA:54,4,2,3
BRDA:54,4,3,3
BRDA:59,5,0,1
BRDA:59,5,1,2
BRDA:73,6,0,1
BRDA:73,6,1,1
BRDA:95,7,0,1
BRDA:95,7,1,1
BRDA:95,8,0,2
BRDA:95,8,1,2
BRDA:114,9,0,3
BRDA:114,9,1,8
BRDA:128,10,0,2
BRDA:128,10,1,7
BRDA:128,11,0,9
BRDA:128,11,1,8
BRDA:136,12,0,1
BRDA:136,12,1,6
BRDA:146,13,0,3
BRDA:146,13,1,3
BRDA:147,14,0,1
BRDA:147,14,1,2
BRDA:150,15,0,1
BRDA:150,15,1,1
BRDA:157,16,0,3
BRDA:157,16,1,0
BRDA:158,17,0,1
BRDA:158,17,1,2
BRDA:158,18,0,3
BRDA:158,18,1,2
BRDA:162,19,0,1
BRDA:162,19,1,1
BRDA:182,20,0,1
BRDA:182,20,1,1
BRDA:182,21,0,2
BRDA:182,21,1,2
BRDA:182,21,2,1
BRDA:182,21,3,1
BRDA:203,22,0,1
BRDA:203,22,1,1
BRDA:224,23,0,0
BRDA:224,23,1,1
BRF:52
BRH:50
end_of_record
