TN:
SF:db.js
FN:6,getDb
FNF:1
FNH:0
FNDA:0,getDb
DA:3,1
DA:7,0
DA:8,0
DA:9,0
DA:11,0
LF:5
LH:1
BRDA:7,0,0,0
BRDA:7,0,1,0
BRF:2
BRH:0
end_of_record
TN:
SF:mockRoute.js
FNF:0
FNH:0
DA:1,1
DA:19,1
LF:2
LH:2
BRF:0
BRH:0
end_of_record
TN:
SF:server.js
FN:24,geocodeDestination
FN:39,(anonymous_1)
FN:43,(anonymous_2)
FN:57,(anonymous_3)
FN:103,(anonymous_4)
FN:131,(anonymous_5)
FN:140,(anonymous_6)
FN:159,authMiddleware
FN:173,(anonymous_8)
FN:223,(anonymous_9)
FN:242,(anonymous_10)
FN:254,(anonymous_11)
FN:266,(anonymous_12)
FN:310,(anonymous_13)
FN:325,(anonymous_14)
FN:332,(anonymous_15)
FN:351,(anonymous_16)
FNF:17
FNH:16
FNDA:3,geocodeDestination
FNDA:1,(anonymous_1)
FNDA:3,(anonymous_2)
FNDA:4,(anonymous_3)
FNDA:2,(anonymous_4)
FNDA:2,(anonymous_5)
FNDA:3,(anonymous_6)
FNDA:23,authMiddleware
FNDA:9,(anonymous_8)
FNDA:2,(anonymous_9)
FNDA:2,(anonymous_10)
FNDA:1,(anonymous_11)
FNDA:3,(anonymous_12)
FNDA:1,(anonymous_13)
FNDA:2,(anonymous_14)
FNDA:4,(anonymous_15)
FNDA:0,(anonymous_16)
DA:15,1
DA:17,1
DA:18,1
DA:19,1
DA:25,3
DA:26,3
DA:28,3
DA:29,3
DA:31,3
DA:32,1
DA:35,2
DA:36,2
DA:39,1
DA:40,1
DA:43,1
DA:44,3
DA:45,3
DA:46,3
DA:47,3
DA:48,2
DA:50,1
DA:52,0
DA:53,0
DA:57,1
DA:58,4
DA:60,4
DA:61,1
DA:64,3
DA:65,0
DA:66,0
DA:69,3
DA:70,3
DA:71,1
DA:73,2
DA:74,2
DA:83,2
DA:84,1
DA:88,1
DA:94,1
DA:95,1
DA:98,0
DA:99,0
DA:103,1
DA:104,2
DA:105,2
DA:106,2
DA:108,1
DA:109,1
DA:111,1
DA:112,1
DA:129,1
DA:130,1
DA:131,2
DA:133,1
DA:135,0
DA:136,0
DA:140,1
DA:141,3
DA:142,3
DA:143,3
DA:144,1
DA:146,2
DA:147,0
DA:149,2
DA:150,2
DA:151,1
DA:153,1
DA:155,0
DA:160,23
DA:161,23
DA:162,17
DA:163,17
DA:164,11
DA:166,6
DA:173,1
DA:174,9
DA:175,9
DA:177,7
DA:179,7
DA:183,7
DA:184,1
DA:187,6
DA:189,6
DA:190,6
DA:191,6
DA:193,6
DA:194,3
DA:195,1
DA:197,2
DA:198,1
DA:200,1
DA:201,1
DA:204,3
DA:205,3
DA:206,1
DA:209,2
DA:210,1
DA:212,2
DA:213,2
DA:217,0
DA:218,0
DA:223,1
DA:224,2
DA:225,2
DA:226,1
DA:228,1
DA:229,1
DA:230,1
DA:234,1
DA:236,0
DA:237,0
DA:242,1
DA:243,2
DA:244,2
DA:245,2
DA:246,2
DA:247,1
DA:249,0
DA:254,1
DA:255,1
DA:256,1
DA:257,1
DA:258,1
DA:260,0
DA:261,0
DA:266,1
DA:268,3
DA:270,3
DA:271,1
DA:274,2
DA:275,2
DA:276,2
DA:278,2
DA:285,2
DA:287,2
DA:302,2
DA:304,0
DA:305,0
DA:310,1
DA:311,1
DA:312,1
DA:313,1
DA:318,1
DA:320,0
DA:325,1
DA:326,2
DA:327,2
DA:328,2
DA:329,2
DA:330,2
DA:331,2
DA:332,4
DA:334,2
DA:342,2
DA:344,0
DA:350,1
DA:351,0
LF:157
LH:135
BRDA:31,0,0,1
BRDA:31,0,1,2
BRDA:31,1,0,3
BRDA:31,1,1,2
BRDA:47,2,0,2
BRDA:47,2,1,1
BRDA:60,3,0,1
BRDA:60,3,1,3
BRDA:60,4,0,4
BRDA:60,4,1,4
BRDA:60,4,2,3
BRDA:60,4,3,3
BRDA:60,4,4,3
BRDA:60,4,5,3
BRDA:64,5,0,0
BRDA:64,5,1,3
BRDA:70,6,0,1
BRDA:70,6,1,2
BRDA:83,7,0,1
BRDA:83,7,1,1
BRDA:106,8,0,1
BRDA:106,8,1,1
BRDA:106,9,0,2
BRDA:106,9,1,2
BRDA:130,10,0,1
BRDA:130,10,1,0
BRDA:143,11,0,1
BRDA:143,11,1,2
BRDA:146,12,0,0
BRDA:146,12,1,2
BRDA:150,13,0,1
BRDA:150,13,1,1
BRDA:161,14,0,6
BRDA:161,14,1,17
BRDA:175,15,0,2
BRDA:175,15,1,7
BRDA:175,16,0,9
BRDA:175,16,1,8
BRDA:183,17,0,1
BRDA:183,17,1,6
BRDA:193,18,0,3
BRDA:193,18,1,3
BRDA:194,19,0,1
BRDA:194,19,1,2
BRDA:197,20,0,1
BRDA:197,20,1,1
BRDA:204,21,0,3
BRDA:204,21,1,0
BRDA:205,22,0,1
BRDA:205,22,1,2
BRDA:205,23,0,3
BRDA:205,23,1,2
BRDA:209,24,0,1
BRDA:209,24,1,1
BRDA:225,25,0,1
BRDA:225,25,1,1
BRDA:225,26,0,2
BRDA:225,26,1,2
BRDA:225,26,2,1
BRDA:225,26,3,1
BRDA:246,27,0,1
BRDA:246,27,1,1
BRDA:270,28,0,1
BRDA:270,28,1,2
BRDA:270,29,0,3
BRDA:270,29,1,3
BRDA:270,29,2,2
BRDA:270,29,3,2
BRDA:328,30,0,2
BRDA:328,30,1,1
BRDA:350,31,0,0
BRDA:350,31,1,1
BRF:72
BRH:67
end_of_record
TN:
SF:models\DailyActivity.js
FN:5,createDailyActivity
FNF:1
FNH:1
FNDA:1,createDailyActivity
DA:6,1
LF:1
LH:1
BRF:0
BRH:0
end_of_record
TN:
SF:models\Trip.js
FN:4,createTrip
FNF:1
FNH:1
FNDA:3,createTrip
DA:6,3
LF:1
LH:1
BRF:0
BRH:0
end_of_record
TN:
SF:models\User.js
FN:4,createUser
FNF:1
FNH:1
FNDA:1,createUser
DA:5,1
LF:1
LH:1
BRF:0
BRH:0
end_of_record
